<?xml version="1.0" encoding="UTF-8"?>
<!-- Generated by org.testng.reporters.JUnitXMLReporter -->
<testsuite hostname="DESKTOP-A9DN365" ignored="12" name="Default test" tests="1" failures="0" timestamp="31 Aug 2021 02:32:10 GMT" time="299.285" errors="0">
  <testcase name="ValidateFileDownLoad" time="287.495" classname="com.TestNG.TestCases.TestNgClass4"/>
  <testcase name="ValidateEnterGMO_OnLineSuccessfully" time="0.0" classname="com.TestNG.TestCases.TestNgClass4">
    <ignored/>
  </testcase> <!-- ValidateEnterGMO_OnLineSuccessfully -->
  <testcase name="HandlingWebTable" time="0.0" classname="com.TestNG.TestCases.TestNgClass4">
    <ignored/>
  </testcase> <!-- HandlingWebTable -->
  <testcase name="HandlingFrames" time="0.0" classname="com.TestNG.TestCases.TestNgClass4">
    <ignored/>
  </testcase> <!-- HandlingFrames -->
  <testcase name="HandlingFileUpload" time="0.0" classname="com.TestNG.TestCases.TestNgClass4">
    <ignored/>
  </testcase> <!-- HandlingFileUpload -->
  <testcase name="HandlingMouseActionsRightClick" time="0.0" classname="com.TestNG.TestCases.TestNgClass4">
    <ignored/>
  </testcase> <!-- HandlingMouseActionsRightClick -->
  <testcase name="HandlingBrokenLinks" time="0.0" classname="com.TestNG.TestCases.TestNgClass4">
    <ignored/>
  </testcase> <!-- HandlingBrokenLinks -->
  <testcase name="HandlingWindows" time="0.0" classname="com.TestNG.TestCases.TestNgClass4">
    <ignored/>
  </testcase> <!-- HandlingWindows -->
  <testcase name="HandlingMouseOpearationDragAndDrop" time="0.0" classname="com.TestNG.TestCases.TestNgClass4">
    <ignored/>
  </testcase> <!-- HandlingMouseOpearationDragAndDrop -->
  <testcase name="ValidateOrderSunGlasses" time="0.0" classname="com.TestNG.TestCases.TestNgClass4">
    <ignored/>
  </testcase> <!-- ValidateOrderSunGlasses -->
  <testcase name="ValidateGMO_OnLineLoadedSuccessfully" time="0.0" classname="com.TestNG.TestCases.TestNgClass4">
    <ignored/>
  </testcase> <!-- ValidateGMO_OnLineLoadedSuccessfully -->
  <testcase name="ValidatingAlerts" time="0.0" classname="com.TestNG.TestCases.TestNgClass4">
    <ignored/>
  </testcase> <!-- ValidatingAlerts -->
  <testcase name="HandlingMouseOpeartionDoubleClick" time="0.0" classname="com.TestNG.TestCases.TestNgClass4">
    <ignored/>
  </testcase> <!-- HandlingMouseOpeartionDoubleClick -->
</testsuite> <!-- Default test -->
