<?xml version="1.0" encoding="UTF-8"?>
<!-- Generated by org.testng.reporters.JUnitXMLReporter -->
<testsuite hostname="DESKTOP-A9DN365" ignored="2" name="Test1" tests="4" failures="0" timestamp="04 Sep 2021 03:23:19 GMT" time="0.081" errors="0">
  <testcase name="testMethodFour" time="0.012" classname="com.TestNG.concepts.TestngGroups"/>
  <testcase name="testMethodOne" time="0.003" classname="com.TestNG.concepts.TestngGroups"/>
  <testcase name="testMethodTwo" time="0.002" classname="com.TestNG.concepts.TestngGroups"/>
  <testcase name="testMethodsix" time="0.004" classname="com.TestNG.concepts.TestngGroups"/>
  <testcase name="testMethodFive" time="0.0" classname="com.TestNG.concepts.TestngGroups">
    <ignored/>
  </testcase> <!-- testMethodFive -->
  <testcase name="testMethodThree" time="0.0" classname="com.TestNG.concepts.TestngGroups">
    <ignored/>
  </testcase> <!-- testMethodThree -->
</testsuite> <!-- Test1 -->
