<?xml version="1.0" encoding="UTF-8"?>
<!-- Generated by org.testng.reporters.JUnitXMLReporter -->
<testsuite hostname="DESKTOP-A9DN365" ignored="0" name="TestNgFactory" tests="6" failures="0" timestamp="04 Sep 2021 02:41:12 GMT" time="0.107" errors="0">
  <testcase name="testcase1" time="0.015" classname="com.TestNG.concepts.TestNgFactory"/>
  <testcase name="testcase1" time="0.003" classname="com.TestNG.concepts.TestNgFactory"/>
  <testcase name="testcase2" time="0.001" classname="com.TestNG.concepts.TestNgFactory"/>
  <testcase name="testcase2" time="0.001" classname="com.TestNG.concepts.TestNgFactory"/>
  <testcase name="testcase3" time="0.004" classname="com.TestNG.concepts.TestNgFactory"/>
  <testcase name="testcase3" time="0.002" classname="com.TestNG.concepts.TestNgFactory"/>
</testsuite> <!-- TestNgFactory -->
