<?xml version="1.0" encoding="UTF-8"?>
<testng-results skipped="0" failed="0" ignored="3" total="6" passed="3">
  <reporter-output>
  </reporter-output>
  <suite name="Suite" duration-ms="73" started-at="2021-09-04T03:26:50Z" finished-at="2021-09-04T03:26:50Z">
    <groups>
      <group name="Regression">
        <method signature="TestngGroups.testMethodFive()[pri:0, instance:com.TestNG.concepts.TestngGroups@7cbd213e]" name="testMethodFive" class="com.TestNG.concepts.TestngGroups"/>
        <method signature="TestngGroups.testMethodThree()[pri:0, instance:com.TestNG.concepts.TestngGroups@7cbd213e]" name="testMethodThree" class="com.TestNG.concepts.TestngGroups"/>
        <method signature="TestngGroups.testMethodTwo()[pri:0, instance:com.TestNG.concepts.TestngGroups@7cbd213e]" name="testMethodTwo" class="com.TestNG.concepts.TestngGroups"/>
      </group> <!-- Regression -->
      <group name="sanity">
        <method signature="TestngGroups.testMethodTwo()[pri:0, instance:com.TestNG.concepts.TestngGroups@7cbd213e]" name="testMethodTwo" class="com.TestNG.concepts.TestngGroups"/>
      </group> <!-- sanity -->
    </groups>
    <test name="Test2" duration-ms="73" started-at="2021-09-04T03:26:50Z" finished-at="2021-09-04T03:26:50Z">
      <class name="com.TestNG.concepts.TestngGroups">
        <test-method status="PASS" signature="testMethodFive()[pri:0, instance:com.TestNG.concepts.TestngGroups@7cbd213e]" name="testMethodFive" duration-ms="17" started-at="2021-09-04T03:26:50Z" finished-at="2021-09-04T03:26:50Z">
          <reporter-output>
          </reporter-output>
        </test-method> <!-- testMethodFive -->
        <test-method status="PASS" signature="testMethodThree()[pri:0, instance:com.TestNG.concepts.TestngGroups@7cbd213e]" name="testMethodThree" duration-ms="2" started-at="2021-09-04T03:26:50Z" finished-at="2021-09-04T03:26:50Z">
          <reporter-output>
          </reporter-output>
        </test-method> <!-- testMethodThree -->
        <test-method status="PASS" signature="testMethodTwo()[pri:0, instance:com.TestNG.concepts.TestngGroups@7cbd213e]" name="testMethodTwo" duration-ms="4" started-at="2021-09-04T03:26:50Z" finished-at="2021-09-04T03:26:50Z">
          <reporter-output>
          </reporter-output>
        </test-method> <!-- testMethodTwo -->
      </class> <!-- com.TestNG.concepts.TestngGroups -->
    </test> <!-- Test2 -->
  </suite> <!-- Suite -->
</testng-results>
